<?xml version="1.0" encoding="UTF-8"?>
<testng-results skipped="0" failed="0" ignored="0" total="1" passed="1">
  <reporter-output>
  </reporter-output>
  <suite name="Default suite" duration-ms="52" started-at="2019-05-31T08:51:24Z" finished-at="2019-05-31T08:51:24Z">
    <groups>
    </groups>
    <test name="Default test" duration-ms="52" started-at="2019-05-31T08:51:24Z" finished-at="2019-05-31T08:51:24Z">
      <class name="testCases.LoginTest">
        <test-method status="PASS" signature="initBaseSuit()[pri:0, instance:testCases.LoginTest@66a3ffec]" name="initBaseSuit" is-config="true" duration-ms="6141" started-at="2019-05-31T08:51:18Z" finished-at="2019-05-31T08:51:24Z">
          <reporter-output>
          </reporter-output>
        </test-method> <!-- initBaseSuit -->
        <test-method status="PASS" signature="beforeClass()[pri:0, instance:testCases.LoginTest@66a3ffec]" name="beforeClass" is-config="true" duration-ms="27" started-at="2019-05-31T08:51:24Z" finished-at="2019-05-31T08:51:24Z">
          <reporter-output>
          </reporter-output>
        </test-method> <!-- beforeClass -->
        <test-method status="PASS" signature="test()[pri:0, instance:testCases.LoginTest@66a3ffec]" name="test" duration-ms="5" started-at="2019-05-31T08:51:24Z" finished-at="2019-05-31T08:51:24Z">
          <reporter-output>
          </reporter-output>
        </test-method> <!-- test -->
      </class> <!-- testCases.LoginTest -->
    </test> <!-- Default test -->
  </suite> <!-- Default suite -->
</testng-results>
